  pch.cpp
  OS13_HTCOM_LIB.cpp
C:\Users\nk\Desktop\HTCOM\OS13_HTCOM_LIB\HT_LIB.h(10,10): warning C4099: IHT: имя типа, ранее отображенное с помощью "struct", теперь отображено с помощью "class"
C:\Users\nk\Desktop\HTCOM\OS13_HTCOM\IHT.h(9): message : см. объявление "IHT"
C:\Program Files\Microsoft Visual Studio\2022\Community\VC\Tools\MSVC\14.33.31629\include\xstring(2824,53): warning C4244: аргумент: преобразование "wchar_t" в "const _Elem", возможна потеря данных
          with
          [
              _Elem=char
          ]
C:\Program Files\Microsoft Visual Studio\2022\Community\VC\Tools\MSVC\14.33.31629\include\xstring(2664): message : выполняется компиляция ссылки на экземпляр шаблон функции "void std::basic_string<char,std::char_traits<char>,std::allocator<char>>::_Construct_from_iter<wchar_t*>(_Iter,const _Iter)"
          with
          [
              _Iter=wchar_t *
          ]
C:\Program Files\Microsoft Visual Studio\2022\Community\VC\Tools\MSVC\14.33.31629\include\xstring(2664): message : выполняется компиляция ссылки на экземпляр шаблон функции "void std::basic_string<char,std::char_traits<char>,std::allocator<char>>::_Construct_from_iter<wchar_t*>(_Iter,const _Iter)"
          with
          [
              _Iter=wchar_t *
          ]
C:\Users\nk\Desktop\HTCOM\OS13_HTCOM_LIB\OS13_HTCOM_LIB.cpp(403): message : выполняется компиляция ссылки на экземпляр шаблон функции "std::basic_string<char,std::char_traits<char>,std::allocator<char>>::basic_string<std::_String_iterator<std::_String_val<std::_Simple_types<_Elem>>>,0>(_Iter,_Iter,const _Alloc &)"
          with
          [
              _Elem=wchar_t,
              _Iter=std::_String_iterator<std::_String_val<std::_Simple_types<wchar_t>>>,
              _Alloc=std::allocator<char>
          ]
C:\Users\nk\Desktop\HTCOM\OS13_HTCOM_LIB\OS13_HTCOM_LIB.cpp(403): message : выполняется компиляция ссылки на экземпляр шаблон функции "std::basic_string<char,std::char_traits<char>,std::allocator<char>>::basic_string<std::_String_iterator<std::_String_val<std::_Simple_types<_Elem>>>,0>(_Iter,_Iter,const _Alloc &)"
          with
          [
              _Elem=wchar_t,
              _Iter=std::_String_iterator<std::_String_val<std::_Simple_types<wchar_t>>>,
              _Alloc=std::allocator<char>
          ]
C:\Users\nk\Desktop\HTCOM\OS13_HTCOM_LIB\OS13_HTCOM_LIB.cpp(305): warning C4172: возвращение адреса локальной или временной переменной : num
  OS13_HTCOM_LIB.vcxproj -> C:\Users\nk\Desktop\HTCOM\x64\Debug\OS13_HTCOM_LIB.lib
