13.05.2023 08:19:24   [Delete]   Key = Y   Payload = 0   success
13.05.2023 08:19:26   [Delete]   Key = A   Payload = 0   success
13.05.2023 08:19:27   [Delete]   Key = R   Payload = 0   success
13.05.2023 08:19:28   [Delete]   Key = 0   Payload = 0   success
13.05.2023 08:19:29   [Delete]   Key = C   Payload = 0   success
13.05.2023 08:19:30   [Delete]   Key = H   Payload = 0   success
13.05.2023 08:19:31   [Delete]   Key = L   Payload = 0   success
13.05.2023 08:19:32   [Delete]   Key = 8   Payload = 0   success
13.05.2023 08:19:33   [Delete]   Key = <   Payload = 0   success
13.05.2023 08:19:34   [Delete]   Key = >   Payload = 0   success
13.05.2023 08:19:35   [Delete]   Key = 5   Payload = 0   success
13.05.2023 08:19:36   [Delete]   Key = ]   Payload = 0   success
13.05.2023 08:19:37   [Delete]   Key = O   Payload = 0   success
13.05.2023 08:19:38   [Delete]   Key = K   Payload = 0   success
13.05.2023 08:19:39   [Delete]   Key = ;   Payload = 0   success
13.05.2023 08:19:40   [Delete]   Key = Y   Payload = 0   success
13.05.2023 08:19:41   [Delete]   Key = ]   Payload = 0   success
13.05.2023 08:19:42   [Delete]   Key = Z   Payload = 0   success
13.05.2023 08:19:43   [Delete]   Key = K   Payload = 0   success
13.05.2023 08:19:44   [Delete]   Key = T   Payload = 0   success
13.05.2023 08:19:45   [Delete]   Key = Y   Payload = 0   error
13.05.2023 08:19:46   [Delete]   Key = 4   Payload = 0   error
13.05.2023 08:19:47   [Delete]   Key = 2   Payload = 0   error
13.05.2023 08:19:48   [Delete]   Key = 3   Payload = 0   error
13.05.2023 08:19:49   [Delete]   Key = Z   Payload = 0   error
13.05.2023 08:19:50   [Delete]   Key = P   Payload = 0   error
13.05.2023 08:19:51   [Delete]   Key = E   Payload = 0   error
13.05.2023 08:19:52   [Delete]   Key = @   Payload = 0   error
13.05.2023 08:19:53   [Delete]   Key = B   Payload = 0   error
13.05.2023 08:19:54   [Delete]   Key = ]   Payload = 0   error
13.05.2023 08:19:55   [Delete]   Key = _   Payload = 0   error
13.05.2023 08:19:56   [Delete]   Key = J   Payload = 0   error
13.05.2023 08:19:57   [Delete]   Key = E   Payload = 0   error
13.05.2023 08:19:58   [Delete]   Key = V   Payload = 0   error
13.05.2023 08:19:59   [Delete]   Key = C   Payload = 0   error
13.05.2023 08:20:00   [Delete]   Key = <   Payload = 0   error
13.05.2023 08:20:01   [Delete]   Key = A   Payload = 0   error
13.05.2023 08:20:02   [Delete]   Key = a   Payload = 0   error
13.05.2023 08:20:04   [Delete]   Key = S   Payload = 0   error
13.05.2023 08:20:05   [Delete]   Key = \   Payload = 0   error
13.05.2023 08:20:06   [Delete]   Key = 3   Payload = 0   error
13.05.2023 08:20:07   [Delete]   Key = ;   Payload = 0   error
13.05.2023 08:20:08   [Delete]   Key = F   Payload = 0   error
13.05.2023 08:20:09   [Delete]   Key = Q   Payload = 0   error
13.05.2023 08:20:10   [Delete]   Key = G   Payload = 0   error
13.05.2023 08:20:11   [Delete]   Key = >   Payload = 0   error
13.05.2023 08:20:12   [Delete]   Key = Y   Payload = 0   error
13.05.2023 08:20:13   [Delete]   Key = ;   Payload = 0   error
13.05.2023 08:20:14   [Delete]   Key = 3   Payload = 0   error
13.05.2023 08:20:15   [Delete]   Key = B   Payload = 0   error
13.05.2023 08:20:16   [Delete]   Key = _   Payload = 0   error
13.05.2023 08:20:17   [Delete]   Key = \   Payload = 0   error
13.05.2023 08:20:18   [Delete]   Key = <   Payload = 0   error
13.05.2023 08:20:19   [Delete]   Key = 7   Payload = 0   error
13.05.2023 08:20:20   [Delete]   Key = U   Payload = 0   error
13.05.2023 08:20:21   [Delete]   Key = 9   Payload = 0   error
13.05.2023 08:20:22   [Delete]   Key = G   Payload = 0   error
13.05.2023 08:20:23   [Delete]   Key = Y   Payload = 0   error
13.05.2023 08:20:24   [Delete]   Key = M   Payload = 0   error
13.05.2023 08:20:26   [Delete]   Key = L   Payload = 0   error
13.05.2023 08:20:27   [Delete]   Key = @   Payload = 0   error
13.05.2023 08:20:28   [Delete]   Key = S   Payload = 0   error
13.05.2023 08:20:29   [Delete]   Key = X   Payload = 0   error
13.05.2023 08:20:30   [Delete]   Key = Z   Payload = 0   error
13.05.2023 08:20:31   [Delete]   Key = V   Payload = 0   error
13.05.2023 08:20:32   [Delete]   Key = 6   Payload = 0   error
13.05.2023 08:20:33   [Delete]   Key = X   Payload = 0   error
13.05.2023 08:20:34   [Delete]   Key = Z   Payload = 0   error
13.05.2023 08:20:35   [Delete]   Key = >   Payload = 0   error
13.05.2023 08:20:36   [Delete]   Key = `   Payload = 0   error
13.05.2023 08:20:37   [Delete]   Key = ^   Payload = 0   error
13.05.2023 08:20:38   [Delete]   Key = 5   Payload = 0   error
13.05.2023 08:20:39   [Delete]   Key = X   Payload = 0   error
13.05.2023 08:20:40   [Delete]   Key = M   Payload = 0   error
13.05.2023 08:20:41   [Delete]   Key = D   Payload = 0   error
13.05.2023 08:20:42   [Delete]   Key = 0   Payload = 0   error
13.05.2023 08:20:43   [Delete]   Key = 6   Payload = 0   error
13.05.2023 08:20:44   [Delete]   Key = 1   Payload = 0   error
13.05.2023 08:20:45   [Delete]   Key = [   Payload = 0   error
13.05.2023 08:20:46   [Delete]   Key = `   Payload = 0   error
13.05.2023 08:20:47   [Delete]   Key = M   Payload = 0   error
13.05.2023 08:20:48   [Delete]   Key = G   Payload = 0   error
13.05.2023 08:20:49   [Delete]   Key = R   Payload = 0   error
13.05.2023 08:20:50   [Delete]   Key = 4   Payload = 0   error
13.05.2023 08:20:51   [Delete]   Key = 6   Payload = 0   error
13.05.2023 08:20:52   [Delete]   Key = X   Payload = 0   error
13.05.2023 08:20:53   [Delete]   Key = @   Payload = 0   error
13.05.2023 08:20:54   [Delete]   Key = J   Payload = 0   error
13.05.2023 08:20:55   [Delete]   Key = O   Payload = 0   error
13.05.2023 08:20:56   [Delete]   Key = 8   Payload = 0   error
13.05.2023 08:20:57   [Delete]   Key = \   Payload = 0   error
13.05.2023 08:20:58   [Delete]   Key = W   Payload = 0   error
13.05.2023 08:20:59   [Delete]   Key = J   Payload = 0   error
13.05.2023 08:21:00   [Delete]   Key = G   Payload = 0   error
13.05.2023 08:21:01   [Delete]   Key = U   Payload = 0   error
13.05.2023 08:21:02   [Delete]   Key = V   Payload = 0   error
13.05.2023 08:21:03   [Delete]   Key = B   Payload = 0   error
13.05.2023 08:21:04   [Delete]   Key = P   Payload = 0   error
13.05.2023 08:21:43   [Delete]   Key = Y   Payload = 0   success
13.05.2023 08:21:44   [Delete]   Key = A   Payload = 0   success
13.05.2023 08:21:45   [Delete]   Key = R   Payload = 0   success
13.05.2023 08:21:46   [Delete]   Key = 0   Payload = 0   success
13.05.2023 08:21:47   [Delete]   Key = C   Payload = 0   success
13.05.2023 08:21:48   [Delete]   Key = H   Payload = 0   success
13.05.2023 08:21:49   [Delete]   Key = L   Payload = 0   success
13.05.2023 08:21:50   [Delete]   Key = 8   Payload = 0   success
13.05.2023 08:21:51   [Delete]   Key = <   Payload = 0   success
13.05.2023 08:21:52   [Delete]   Key = >   Payload = 0   success
13.05.2023 08:21:53   [Delete]   Key = 5   Payload = 0   success
13.05.2023 08:21:54   [Delete]   Key = ]   Payload = 0   success
13.05.2023 08:21:55   [Delete]   Key = O   Payload = 0   success
13.05.2023 08:21:56   [Delete]   Key = K   Payload = 0   success
13.05.2023 08:21:57   [Delete]   Key = ;   Payload = 0   success
13.05.2023 08:21:58   [Delete]   Key = Y   Payload = 0   success
13.05.2023 08:21:59   [Delete]   Key = ]   Payload = 0   success
13.05.2023 08:22:00   [Delete]   Key = Z   Payload = 0   success
13.05.2023 08:22:01   [Delete]   Key = K   Payload = 0   success
13.05.2023 08:22:02   [Delete]   Key = T   Payload = 0   success
13.05.2023 08:22:03   [Delete]   Key = Y   Payload = 0   error
13.05.2023 08:22:04   [Delete]   Key = 4   Payload = 0   error
13.05.2023 08:22:05   [Delete]   Key = 2   Payload = 0   error
13.05.2023 08:22:06   [Delete]   Key = 3   Payload = 0   error
13.05.2023 08:22:07   [Delete]   Key = Z   Payload = 0   error
13.05.2023 08:22:08   [Delete]   Key = P   Payload = 0   error
13.05.2023 08:22:23   [Delete]   Key = Y   Payload = 0   success
13.05.2023 08:22:25   [Delete]   Key = A   Payload = 0   success
13.05.2023 08:22:26   [Delete]   Key = R   Payload = 0   success
13.05.2023 08:22:27   [Delete]   Key = 0   Payload = 0   success
13.05.2023 08:22:28   [Delete]   Key = C   Payload = 0   success
13.05.2023 08:22:29   [Delete]   Key = H   Payload = 0   success
13.05.2023 08:22:30   [Delete]   Key = L   Payload = 0   success
13.05.2023 08:22:31   [Delete]   Key = 8   Payload = 0   success
13.05.2023 08:22:32   [Delete]   Key = <   Payload = 0   success
13.05.2023 08:22:33   [Delete]   Key = >   Payload = 0   success
13.05.2023 08:22:34   [Delete]   Key = 5   Payload = 0   success
13.05.2023 08:22:35   [Delete]   Key = ]   Payload = 0   success
13.05.2023 08:22:36   [Delete]   Key = O   Payload = 0   success
13.05.2023 08:22:37   [Delete]   Key = K   Payload = 0   success
13.05.2023 08:22:38   [Delete]   Key = ;   Payload = 0   success
13.05.2023 08:22:39   [Delete]   Key = Y   Payload = 0   success
13.05.2023 08:22:40   [Delete]   Key = ]   Payload = 0   success
13.05.2023 08:22:41   [Delete]   Key = Z   Payload = 0   success
13.05.2023 08:22:42   [Delete]   Key = K   Payload = 0   success
13.05.2023 08:22:43   [Delete]   Key = T   Payload = 0   success
13.05.2023 08:22:44   [Delete]   Key = Y   Payload = 0   error
13.05.2023 08:22:45   [Delete]   Key = 4   Payload = 0   error
13.05.2023 08:22:46   [Delete]   Key = 2   Payload = 0   error
13.05.2023 08:22:47   [Delete]   Key = 3   Payload = 0   error
13.05.2023 08:22:48   [Delete]   Key = Z   Payload = 0   error
13.05.2023 08:22:49   [Delete]   Key = P   Payload = 0   error
13.05.2023 08:22:50   [Delete]   Key = E   Payload = 0   error
13.05.2023 08:22:51   [Delete]   Key = @   Payload = 0   error
13.05.2023 08:22:52   [Delete]   Key = B   Payload = 0   error
13.05.2023 08:22:53   [Delete]   Key = ]   Payload = 0   error
13.05.2023 08:22:54   [Delete]   Key = _   Payload = 0   error
13.05.2023 08:22:55   [Delete]   Key = J   Payload = 0   error
13.05.2023 08:22:56   [Delete]   Key = E   Payload = 0   error
13.05.2023 08:22:57   [Delete]   Key = V   Payload = 0   error
13.05.2023 08:22:58   [Delete]   Key = C   Payload = 0   error
13.05.2023 08:22:59   [Delete]   Key = <   Payload = 0   error
13.05.2023 08:23:00   [Delete]   Key = A   Payload = 0   error
13.05.2023 08:23:01   [Delete]   Key = a   Payload = 0   error
13.05.2023 08:23:02   [Delete]   Key = S   Payload = 0   error
13.05.2023 08:23:03   [Delete]   Key = \   Payload = 0   error
13.05.2023 08:23:04   [Delete]   Key = 3   Payload = 0   error
13.05.2023 08:23:05   [Delete]   Key = ;   Payload = 0   error
13.05.2023 08:23:06   [Delete]   Key = F   Payload = 0   error
13.05.2023 08:23:07   [Delete]   Key = Q   Payload = 0   error
13.05.2023 08:23:08   [Delete]   Key = G   Payload = 0   error
13.05.2023 08:23:09   [Delete]   Key = >   Payload = 0   error
13.05.2023 08:23:10   [Delete]   Key = Y   Payload = 0   error
13.05.2023 08:23:12   [Delete]   Key = ;   Payload = 0   error
13.05.2023 08:35:22   [Delete]   Key = Y   Payload = 0   success
13.05.2023 08:35:23   [Delete]   Key = A   Payload = 0   success
13.05.2023 08:35:24   [Delete]   Key = R   Payload = 0   success
13.05.2023 08:35:25   [Delete]   Key = 0   Payload = 0   success
13.05.2023 08:35:26   [Delete]   Key = C   Payload = 0   success
13.05.2023 08:35:27   [Delete]   Key = H   Payload = 0   success
13.05.2023 08:35:28   [Delete]   Key = L   Payload = 0   success
13.05.2023 08:35:29   [Delete]   Key = 8   Payload = 0   success
13.05.2023 08:35:30   [Delete]   Key = <   Payload = 0   success
13.05.2023 08:35:31   [Delete]   Key = >   Payload = 0   success
13.05.2023 08:35:32   [Delete]   Key = 5   Payload = 0   error
13.05.2023 08:35:33   [Delete]   Key = ]   Payload = 0   success
13.05.2023 08:35:34   [Delete]   Key = O   Payload = 0   error
13.05.2023 08:35:35   [Delete]   Key = K   Payload = 0   success
13.05.2023 08:35:36   [Delete]   Key = ;   Payload = 0   error
13.05.2023 08:35:37   [Delete]   Key = Y   Payload = 0   success
13.05.2023 08:35:38   [Delete]   Key = ]   Payload = 0   error
13.05.2023 08:35:39   [Delete]   Key = Z   Payload = 0   success
13.05.2023 08:35:40   [Delete]   Key = K   Payload = 0   error
13.05.2023 08:35:41   [Delete]   Key = T   Payload = 0   success
13.05.2023 08:35:42   [Delete]   Key = Y   Payload = 0   success
13.05.2023 08:35:43   [Delete]   Key = 4   Payload = 0   success
13.05.2023 08:35:44   [Delete]   Key = 2   Payload = 0   success
13.05.2023 08:35:45   [Delete]   Key = 3   Payload = 0   success
13.05.2023 08:35:46   [Delete]   Key = Z   Payload = 0   success
13.05.2023 08:35:47   [Delete]   Key = P   Payload = 0   success
13.05.2023 08:35:48   [Delete]   Key = E   Payload = 0   error
13.05.2023 08:35:49   [Delete]   Key = @   Payload = 0   error
13.05.2023 08:35:50   [Delete]   Key = B   Payload = 0   error
13.05.2023 08:35:51   [Delete]   Key = ]   Payload = 0   error
13.05.2023 08:35:52   [Delete]   Key = _   Payload = 0   error
13.05.2023 08:35:53   [Delete]   Key = J   Payload = 0   error
