13.05.2023 08:19:02   [Insert]   Key = Y   Payload = 0   success
13.05.2023 08:19:03   [Insert]   Key = A   Payload = 0   success
13.05.2023 08:19:04   [Insert]   Key = R   Payload = 0   success
13.05.2023 08:19:05   [Insert]   Key = 0   Payload = 0   success
13.05.2023 08:19:06   [Insert]   Key = C   Payload = 0   success
13.05.2023 08:19:07   [Insert]   Key = H   Payload = 0   success
13.05.2023 08:19:08   [Insert]   Key = L   Payload = 0   success
13.05.2023 08:19:09   [Insert]   Key = 8   Payload = 0   success
13.05.2023 08:19:10   [Insert]   Key = <   Payload = 0   success
13.05.2023 08:19:11   [Insert]   Key = >   Payload = 0   success
13.05.2023 08:19:12   [Insert]   Key = 5   Payload = 0   success
13.05.2023 08:19:13   [Insert]   Key = ]   Payload = 0   success
13.05.2023 08:19:14   [Insert]   Key = O   Payload = 0   success
13.05.2023 08:19:15   [Insert]   Key = K   Payload = 0   success
13.05.2023 08:19:16   [Insert]   Key = ;   Payload = 0   success
13.05.2023 08:19:17   [Insert]   Key = Y   Payload = 0   success
13.05.2023 08:19:18   [Insert]   Key = ]   Payload = 0   success
13.05.2023 08:19:19   [Insert]   Key = Z   Payload = 0   success
13.05.2023 08:19:20   [Insert]   Key = K   Payload = 0   success
13.05.2023 08:19:21   [Insert]   Key = T   Payload = 0   success
13.05.2023 08:19:22   [Insert]   Key = Y   Payload = 0   error
13.05.2023 08:19:23   [Insert]   Key = 4   Payload = 0   error
13.05.2023 08:19:24   [Insert]   Key = 2   Payload = 0   error
13.05.2023 08:19:26   [Insert]   Key = 3   Payload = 0   error
13.05.2023 08:19:27   [Insert]   Key = Z   Payload = 0   error
13.05.2023 08:19:28   [Insert]   Key = P   Payload = 0   error
13.05.2023 08:19:29   [Insert]   Key = E   Payload = 0   error
13.05.2023 08:19:30   [Insert]   Key = @   Payload = 0   error
13.05.2023 08:19:31   [Insert]   Key = B   Payload = 0   error
13.05.2023 08:19:32   [Insert]   Key = ]   Payload = 0   error
13.05.2023 08:19:33   [Insert]   Key = _   Payload = 0   error
13.05.2023 08:19:34   [Insert]   Key = J   Payload = 0   error
13.05.2023 08:19:35   [Insert]   Key = E   Payload = 0   error
13.05.2023 08:19:36   [Insert]   Key = V   Payload = 0   error
13.05.2023 08:19:37   [Insert]   Key = C   Payload = 0   error
13.05.2023 08:19:38   [Insert]   Key = <   Payload = 0   error
13.05.2023 08:19:39   [Insert]   Key = A   Payload = 0   error
13.05.2023 08:19:40   [Insert]   Key = a   Payload = 0   error
13.05.2023 08:19:41   [Insert]   Key = S   Payload = 0   error
13.05.2023 08:19:42   [Insert]   Key = \   Payload = 0   error
13.05.2023 08:19:43   [Insert]   Key = 3   Payload = 0   error
13.05.2023 08:19:44   [Insert]   Key = ;   Payload = 0   error
13.05.2023 08:19:45   [Insert]   Key = F   Payload = 0   error
13.05.2023 08:19:46   [Insert]   Key = Q   Payload = 0   error
13.05.2023 08:19:47   [Insert]   Key = G   Payload = 0   error
13.05.2023 08:19:48   [Insert]   Key = >   Payload = 0   error
13.05.2023 08:19:49   [Insert]   Key = Y   Payload = 0   error
13.05.2023 08:19:50   [Insert]   Key = ;   Payload = 0   error
13.05.2023 08:19:51   [Insert]   Key = 3   Payload = 0   error
13.05.2023 08:19:52   [Insert]   Key = B   Payload = 0   error
13.05.2023 08:19:53   [Insert]   Key = _   Payload = 0   error
13.05.2023 08:19:54   [Insert]   Key = \   Payload = 0   error
13.05.2023 08:19:55   [Insert]   Key = <   Payload = 0   error
13.05.2023 08:19:56   [Insert]   Key = 7   Payload = 0   error
13.05.2023 08:19:57   [Insert]   Key = U   Payload = 0   error
13.05.2023 08:19:58   [Insert]   Key = 9   Payload = 0   error
13.05.2023 08:19:59   [Insert]   Key = G   Payload = 0   error
13.05.2023 08:20:00   [Insert]   Key = Y   Payload = 0   error
13.05.2023 08:20:01   [Insert]   Key = M   Payload = 0   error
13.05.2023 08:20:02   [Insert]   Key = L   Payload = 0   error
13.05.2023 08:20:03   [Insert]   Key = @   Payload = 0   error
13.05.2023 08:20:04   [Insert]   Key = S   Payload = 0   error
13.05.2023 08:20:05   [Insert]   Key = X   Payload = 0   error
13.05.2023 08:20:07   [Insert]   Key = Z   Payload = 0   error
13.05.2023 08:20:08   [Insert]   Key = V   Payload = 0   error
13.05.2023 08:20:09   [Insert]   Key = 6   Payload = 0   error
13.05.2023 08:20:10   [Insert]   Key = X   Payload = 0   error
13.05.2023 08:20:11   [Insert]   Key = Z   Payload = 0   error
13.05.2023 08:20:12   [Insert]   Key = >   Payload = 0   error
13.05.2023 08:20:13   [Insert]   Key = `   Payload = 0   error
13.05.2023 08:20:14   [Insert]   Key = ^   Payload = 0   error
13.05.2023 08:20:15   [Insert]   Key = 5   Payload = 0   error
13.05.2023 08:20:16   [Insert]   Key = X   Payload = 0   error
13.05.2023 08:20:17   [Insert]   Key = M   Payload = 0   error
13.05.2023 08:20:18   [Insert]   Key = D   Payload = 0   error
13.05.2023 08:20:19   [Insert]   Key = 0   Payload = 0   error
13.05.2023 08:20:20   [Insert]   Key = 6   Payload = 0   error
13.05.2023 08:20:21   [Insert]   Key = 1   Payload = 0   error
13.05.2023 08:20:22   [Insert]   Key = [   Payload = 0   error
13.05.2023 08:20:23   [Insert]   Key = `   Payload = 0   error
13.05.2023 08:20:24   [Insert]   Key = M   Payload = 0   error
13.05.2023 08:20:25   [Insert]   Key = G   Payload = 0   error
13.05.2023 08:20:26   [Insert]   Key = R   Payload = 0   error
13.05.2023 08:20:27   [Insert]   Key = 4   Payload = 0   error
13.05.2023 08:20:28   [Insert]   Key = 6   Payload = 0   error
13.05.2023 08:20:29   [Insert]   Key = X   Payload = 0   error
13.05.2023 08:20:30   [Insert]   Key = @   Payload = 0   error
13.05.2023 08:20:31   [Insert]   Key = J   Payload = 0   error
13.05.2023 08:20:32   [Insert]   Key = O   Payload = 0   error
13.05.2023 08:20:33   [Insert]   Key = 8   Payload = 0   error
13.05.2023 08:20:35   [Insert]   Key = \   Payload = 0   error
13.05.2023 08:20:36   [Insert]   Key = W   Payload = 0   error
13.05.2023 08:20:37   [Insert]   Key = J   Payload = 0   error
13.05.2023 08:20:38   [Insert]   Key = G   Payload = 0   error
13.05.2023 08:20:39   [Insert]   Key = U   Payload = 0   error
13.05.2023 08:20:40   [Insert]   Key = V   Payload = 0   error
13.05.2023 08:20:41   [Insert]   Key = B   Payload = 0   error
13.05.2023 08:20:42   [Insert]   Key = P   Payload = 0   error
13.05.2023 08:20:43   [Insert]   Key = M   Payload = 0   error
13.05.2023 08:20:44   [Insert]   Key = Y   Payload = 0   error
13.05.2023 08:20:45   [Insert]   Key = Q   Payload = 0   error
13.05.2023 08:20:46   [Insert]   Key = ?   Payload = 0   error
13.05.2023 08:20:47   [Insert]   Key = W   Payload = 0   error
13.05.2023 08:20:48   [Insert]   Key = 8   Payload = 0   error
13.05.2023 08:20:49   [Insert]   Key = 4   Payload = 0   error
13.05.2023 08:20:50   [Insert]   Key = N   Payload = 0   error
13.05.2023 08:20:51   [Insert]   Key = K   Payload = 0   error
13.05.2023 08:20:52   [Insert]   Key = 6   Payload = 0   error
13.05.2023 08:20:53   [Insert]   Key = G   Payload = 0   error
13.05.2023 08:20:54   [Insert]   Key = T   Payload = 0   error
13.05.2023 08:20:55   [Insert]   Key = E   Payload = 0   error
13.05.2023 08:20:56   [Insert]   Key = ]   Payload = 0   error
13.05.2023 08:20:57   [Insert]   Key = H   Payload = 0   error
13.05.2023 08:20:58   [Insert]   Key = F   Payload = 0   error
13.05.2023 08:20:59   [Insert]   Key = D   Payload = 0   error
13.05.2023 08:21:00   [Insert]   Key = M   Payload = 0   error
13.05.2023 08:21:01   [Insert]   Key = K   Payload = 0   error
13.05.2023 08:21:02   [Insert]   Key = G   Payload = 0   error
13.05.2023 08:21:03   [Insert]   Key = _   Payload = 0   error
13.05.2023 08:21:04   [Insert]   Key = <   Payload = 0   error
13.05.2023 08:21:05   [Insert]   Key = T   Payload = 0   error
13.05.2023 08:21:32   [Insert]   Key = Y   Payload = 0   success
13.05.2023 08:21:33   [Insert]   Key = A   Payload = 0   success
13.05.2023 08:21:34   [Insert]   Key = R   Payload = 0   success
13.05.2023 08:21:35   [Insert]   Key = 0   Payload = 0   success
13.05.2023 08:21:36   [Insert]   Key = C   Payload = 0   success
13.05.2023 08:21:37   [Insert]   Key = H   Payload = 0   success
13.05.2023 08:21:38   [Insert]   Key = L   Payload = 0   success
13.05.2023 08:21:39   [Insert]   Key = 8   Payload = 0   success
13.05.2023 08:21:40   [Insert]   Key = <   Payload = 0   success
13.05.2023 08:21:41   [Insert]   Key = >   Payload = 0   success
13.05.2023 08:21:42   [Insert]   Key = 5   Payload = 0   success
13.05.2023 08:21:43   [Insert]   Key = ]   Payload = 0   success
13.05.2023 08:21:44   [Insert]   Key = O   Payload = 0   success
13.05.2023 08:21:45   [Insert]   Key = K   Payload = 0   success
13.05.2023 08:21:46   [Insert]   Key = ;   Payload = 0   success
13.05.2023 08:21:47   [Insert]   Key = Y   Payload = 0   success
13.05.2023 08:21:48   [Insert]   Key = ]   Payload = 0   success
13.05.2023 08:21:49   [Insert]   Key = Z   Payload = 0   success
13.05.2023 08:21:50   [Insert]   Key = K   Payload = 0   success
13.05.2023 08:21:51   [Insert]   Key = T   Payload = 0   success
13.05.2023 08:21:52   [Insert]   Key = Y   Payload = 0   error
13.05.2023 08:21:53   [Insert]   Key = 4   Payload = 0   error
13.05.2023 08:21:54   [Insert]   Key = 2   Payload = 0   error
13.05.2023 08:21:55   [Insert]   Key = 3   Payload = 0   error
13.05.2023 08:21:56   [Insert]   Key = Z   Payload = 0   error
13.05.2023 08:21:57   [Insert]   Key = P   Payload = 0   error
13.05.2023 08:21:59   [Insert]   Key = E   Payload = 0   error
13.05.2023 08:22:00   [Insert]   Key = @   Payload = 0   error
13.05.2023 08:22:01   [Insert]   Key = B   Payload = 0   error
13.05.2023 08:22:02   [Insert]   Key = ]   Payload = 0   error
13.05.2023 08:22:03   [Insert]   Key = _   Payload = 0   error
13.05.2023 08:22:04   [Insert]   Key = J   Payload = 0   error
13.05.2023 08:22:05   [Insert]   Key = E   Payload = 0   error
13.05.2023 08:22:06   [Insert]   Key = V   Payload = 0   error
13.05.2023 08:22:07   [Insert]   Key = C   Payload = 0   error
13.05.2023 08:22:08   [Insert]   Key = <   Payload = 0   error
13.05.2023 08:22:09   [Insert]   Key = A   Payload = 0   error
13.05.2023 08:22:10   [Insert]   Key = a   Payload = 0   error
13.05.2023 08:22:11   [Insert]   Key = S   Payload = 0   error
13.05.2023 08:22:12   [Insert]   Key = \   Payload = 0   error
13.05.2023 08:22:17   [Insert]   Key = Y   Payload = 0   success
13.05.2023 08:22:18   [Insert]   Key = A   Payload = 0   success
13.05.2023 08:22:19   [Insert]   Key = R   Payload = 0   success
13.05.2023 08:22:20   [Insert]   Key = 0   Payload = 0   success
13.05.2023 08:22:21   [Insert]   Key = C   Payload = 0   success
13.05.2023 08:22:22   [Insert]   Key = H   Payload = 0   success
13.05.2023 08:22:23   [Insert]   Key = L   Payload = 0   success
13.05.2023 08:22:25   [Insert]   Key = 8   Payload = 0   success
13.05.2023 08:22:26   [Insert]   Key = <   Payload = 0   success
13.05.2023 08:22:27   [Insert]   Key = >   Payload = 0   success
13.05.2023 08:22:28   [Insert]   Key = 5   Payload = 0   success
13.05.2023 08:22:29   [Insert]   Key = ]   Payload = 0   success
13.05.2023 08:22:30   [Insert]   Key = O   Payload = 0   success
13.05.2023 08:22:31   [Insert]   Key = K   Payload = 0   success
13.05.2023 08:22:32   [Insert]   Key = ;   Payload = 0   success
13.05.2023 08:22:33   [Insert]   Key = Y   Payload = 0   success
13.05.2023 08:22:34   [Insert]   Key = ]   Payload = 0   success
13.05.2023 08:22:35   [Insert]   Key = Z   Payload = 0   success
13.05.2023 08:22:36   [Insert]   Key = K   Payload = 0   success
13.05.2023 08:22:37   [Insert]   Key = T   Payload = 0   success
13.05.2023 08:22:38   [Insert]   Key = Y   Payload = 0   error
13.05.2023 08:22:39   [Insert]   Key = 4   Payload = 0   error
13.05.2023 08:22:40   [Insert]   Key = 2   Payload = 0   error
13.05.2023 08:22:41   [Insert]   Key = 3   Payload = 0   error
13.05.2023 08:22:42   [Insert]   Key = Z   Payload = 0   error
13.05.2023 08:22:43   [Insert]   Key = P   Payload = 0   error
13.05.2023 08:22:44   [Insert]   Key = E   Payload = 0   error
13.05.2023 08:22:45   [Insert]   Key = @   Payload = 0   error
13.05.2023 08:22:46   [Insert]   Key = B   Payload = 0   error
13.05.2023 08:22:47   [Insert]   Key = ]   Payload = 0   error
13.05.2023 08:22:48   [Insert]   Key = _   Payload = 0   error
13.05.2023 08:22:49   [Insert]   Key = J   Payload = 0   error
13.05.2023 08:22:50   [Insert]   Key = E   Payload = 0   error
13.05.2023 08:22:51   [Insert]   Key = V   Payload = 0   error
13.05.2023 08:22:52   [Insert]   Key = C   Payload = 0   error
13.05.2023 08:22:53   [Insert]   Key = <   Payload = 0   error
13.05.2023 08:22:54   [Insert]   Key = A   Payload = 0   error
13.05.2023 08:22:55   [Insert]   Key = a   Payload = 0   error
13.05.2023 08:22:56   [Insert]   Key = S   Payload = 0   error
13.05.2023 08:22:57   [Insert]   Key = \   Payload = 0   error
13.05.2023 08:22:58   [Insert]   Key = 3   Payload = 0   error
13.05.2023 08:22:59   [Insert]   Key = ;   Payload = 0   error
13.05.2023 08:23:00   [Insert]   Key = F   Payload = 0   error
13.05.2023 08:23:01   [Insert]   Key = Q   Payload = 0   error
13.05.2023 08:23:02   [Insert]   Key = G   Payload = 0   error
13.05.2023 08:23:03   [Insert]   Key = >   Payload = 0   error
13.05.2023 08:23:04   [Insert]   Key = Y   Payload = 0   error
13.05.2023 08:23:05   [Insert]   Key = ;   Payload = 0   error
13.05.2023 08:23:06   [Insert]   Key = 3   Payload = 0   error
13.05.2023 08:23:07   [Insert]   Key = B   Payload = 0   error
13.05.2023 08:23:08   [Insert]   Key = _   Payload = 0   error
13.05.2023 08:23:10   [Insert]   Key = \   Payload = 0   error
13.05.2023 08:32:40   [Insert]   Key = Y   Payload = 0   success
13.05.2023 08:32:41   [Insert]   Key = A   Payload = 0   success
13.05.2023 08:32:42   [Insert]   Key = R   Payload = 0   success
13.05.2023 08:32:43   [Insert]   Key = 0   Payload = 0   success
13.05.2023 08:32:44   [Insert]   Key = C   Payload = 0   success
13.05.2023 08:32:45   [Insert]   Key = H   Payload = 0   success
13.05.2023 08:32:46   [Insert]   Key = L   Payload = 0   success
13.05.2023 08:32:47   [Insert]   Key = 8   Payload = 0   success
13.05.2023 08:32:48   [Insert]   Key = <   Payload = 0   success
13.05.2023 08:32:49   [Insert]   Key = >   Payload = 0   success
13.05.2023 08:35:06   [Insert]   Key = Y   Payload = 0   success
13.05.2023 08:35:07   [Insert]   Key = A   Payload = 0   success
13.05.2023 08:35:08   [Insert]   Key = R   Payload = 0   success
13.05.2023 08:35:09   [Insert]   Key = 0   Payload = 0   success
13.05.2023 08:35:10   [Insert]   Key = C   Payload = 0   success
13.05.2023 08:35:11   [Insert]   Key = H   Payload = 0   success
13.05.2023 08:35:12   [Insert]   Key = L   Payload = 0   success
13.05.2023 08:35:13   [Insert]   Key = 8   Payload = 0   success
13.05.2023 08:35:14   [Insert]   Key = <   Payload = 0   success
13.05.2023 08:35:15   [Insert]   Key = >   Payload = 0   success
13.05.2023 08:35:16   [Insert]   Key = 5   Payload = 0   error
13.05.2023 08:35:17   [Insert]   Key = ]   Payload = 0   error
13.05.2023 08:35:18   [Insert]   Key = O   Payload = 0   error
13.05.2023 08:35:19   [Insert]   Key = K   Payload = 0   error
13.05.2023 08:35:20   [Insert]   Key = ;   Payload = 0   error
13.05.2023 08:35:21   [Insert]   Key = Y   Payload = 0   error
13.05.2023 08:35:22   [Insert]   Key = ]   Payload = 0   success
13.05.2023 08:35:23   [Insert]   Key = Z   Payload = 0   success
13.05.2023 08:35:24   [Insert]   Key = K   Payload = 0   success
13.05.2023 08:35:25   [Insert]   Key = T   Payload = 0   success
13.05.2023 08:35:26   [Insert]   Key = Y   Payload = 0   success
13.05.2023 08:35:27   [Insert]   Key = 4   Payload = 0   success
13.05.2023 08:35:28   [Insert]   Key = 2   Payload = 0   success
13.05.2023 08:35:29   [Insert]   Key = 3   Payload = 0   success
13.05.2023 08:35:30   [Insert]   Key = Z   Payload = 0   success
13.05.2023 08:35:31   [Insert]   Key = P   Payload = 0   success
13.05.2023 08:35:32   [Insert]   Key = E   Payload = 0   error
13.05.2023 08:35:33   [Insert]   Key = @   Payload = 0   error
13.05.2023 08:35:34   [Insert]   Key = B   Payload = 0   error
13.05.2023 08:35:35   [Insert]   Key = ]   Payload = 0   error
13.05.2023 08:35:36   [Insert]   Key = _   Payload = 0   error
13.05.2023 08:35:37   [Insert]   Key = J   Payload = 0   error
13.05.2023 08:35:38   [Insert]   Key = E   Payload = 0   error
13.05.2023 08:35:39   [Insert]   Key = V   Payload = 0   error
13.05.2023 08:35:40   [Insert]   Key = C   Payload = 0   error
13.05.2023 08:35:41   [Insert]   Key = <   Payload = 0   error
13.05.2023 08:35:42   [Insert]   Key = A   Payload = 0   error
13.05.2023 08:35:43   [Insert]   Key = a   Payload = 0   error
13.05.2023 08:35:44   [Insert]   Key = S   Payload = 0   error
13.05.2023 08:35:45   [Insert]   Key = \   Payload = 0   error
13.05.2023 08:35:46   [Insert]   Key = 3   Payload = 0   error
13.05.2023 08:35:47   [Insert]   Key = ;   Payload = 0   error
13.05.2023 08:35:48   [Insert]   Key = F   Payload = 0   error
13.05.2023 08:35:49   [Insert]   Key = Q   Payload = 0   error
13.05.2023 08:35:50   [Insert]   Key = G   Payload = 0   error
13.05.2023 08:35:51   [Insert]   Key = >   Payload = 0   error
13.05.2023 08:35:52   [Insert]   Key = Y   Payload = 0   error
13.05.2023 08:35:53   [Insert]   Key = ;   Payload = 0   error
