13.05.2023 08:20:23   [Update]   Key = Y   oldPayload = -   newPayload = -   error
13.05.2023 08:20:24   [Update]   Key = A   oldPayload = -   newPayload = -   error
13.05.2023 08:20:25   [Update]   Key = R   oldPayload = -   newPayload = -   error
13.05.2023 08:20:26   [Update]   Key = 0   oldPayload = -   newPayload = -   error
13.05.2023 08:20:27   [Update]   Key = C   oldPayload = -   newPayload = -   error
13.05.2023 08:20:28   [Update]   Key = H   oldPayload = -   newPayload = -   error
13.05.2023 08:20:29   [Update]   Key = L   oldPayload = -   newPayload = -   error
13.05.2023 08:20:30   [Update]   Key = 8   oldPayload = -   newPayload = -   error
13.05.2023 08:20:31   [Update]   Key = <   oldPayload = -   newPayload = -   error
13.05.2023 08:20:32   [Update]   Key = >   oldPayload = -   newPayload = -   error
13.05.2023 08:20:33   [Update]   Key = 5   oldPayload = -   newPayload = -   error
13.05.2023 08:20:35   [Update]   Key = ]   oldPayload = -   newPayload = -   error
13.05.2023 08:20:36   [Update]   Key = O   oldPayload = -   newPayload = -   error
13.05.2023 08:20:37   [Update]   Key = K   oldPayload = -   newPayload = -   error
13.05.2023 08:20:38   [Update]   Key = ;   oldPayload = -   newPayload = -   error
13.05.2023 08:20:39   [Update]   Key = Y   oldPayload = -   newPayload = -   error
13.05.2023 08:20:40   [Update]   Key = ]   oldPayload = -   newPayload = -   error
13.05.2023 08:20:41   [Update]   Key = Z   oldPayload = -   newPayload = -   error
13.05.2023 08:20:42   [Update]   Key = K   oldPayload = -   newPayload = -   error
13.05.2023 08:20:43   [Update]   Key = T   oldPayload = -   newPayload = -   error
13.05.2023 08:20:44   [Update]   Key = Y   oldPayload = -   newPayload = -   error
13.05.2023 08:20:45   [Update]   Key = 4   oldPayload = -   newPayload = -   error
13.05.2023 08:20:46   [Update]   Key = 2   oldPayload = -   newPayload = -   error
13.05.2023 08:20:47   [Update]   Key = 3   oldPayload = -   newPayload = -   error
13.05.2023 08:20:48   [Update]   Key = Z   oldPayload = -   newPayload = -   error
13.05.2023 08:20:49   [Update]   Key = P   oldPayload = -   newPayload = -   error
13.05.2023 08:20:50   [Update]   Key = E   oldPayload = -   newPayload = -   error
13.05.2023 08:20:51   [Update]   Key = @   oldPayload = -   newPayload = -   error
13.05.2023 08:20:52   [Update]   Key = B   oldPayload = -   newPayload = -   error
13.05.2023 08:20:53   [Update]   Key = ]   oldPayload = -   newPayload = -   error
13.05.2023 08:20:54   [Update]   Key = _   oldPayload = -   newPayload = -   error
13.05.2023 08:20:55   [Update]   Key = J   oldPayload = -   newPayload = -   error
13.05.2023 08:20:56   [Update]   Key = E   oldPayload = -   newPayload = -   error
13.05.2023 08:20:57   [Update]   Key = V   oldPayload = -   newPayload = -   error
13.05.2023 08:20:58   [Update]   Key = C   oldPayload = -   newPayload = -   error
13.05.2023 08:20:59   [Update]   Key = <   oldPayload = -   newPayload = -   error
13.05.2023 08:21:00   [Update]   Key = A   oldPayload = -   newPayload = -   error
13.05.2023 08:21:01   [Update]   Key = a   oldPayload = -   newPayload = -   error
13.05.2023 08:21:02   [Update]   Key = S   oldPayload = -   newPayload = -   error
13.05.2023 08:21:03   [Update]   Key = \   oldPayload = -   newPayload = -   error
13.05.2023 08:21:04   [Update]   Key = 3   oldPayload = -   newPayload = -   error
13.05.2023 08:21:05   [Update]   Key = ;   oldPayload = -   newPayload = -   error
13.05.2023 08:21:06   [Update]   Key = F   oldPayload = -   newPayload = -   error
13.05.2023 08:21:07   [Update]   Key = Q   oldPayload = -   newPayload = -   error
13.05.2023 08:22:29   [Update]   Key = Y   oldPayload = -   newPayload = -   error
13.05.2023 08:22:31   [Update]   Key = A   oldPayload = -   newPayload = -   error
13.05.2023 08:22:32   [Update]   Key = R   oldPayload = -   newPayload = -   error
13.05.2023 08:22:33   [Update]   Key = 0   oldPayload = -   newPayload = -   error
13.05.2023 08:22:34   [Update]   Key = C   oldPayload = -   newPayload = -   error
13.05.2023 08:22:35   [Update]   Key = H   oldPayload = -   newPayload = -   error
13.05.2023 08:22:36   [Update]   Key = L   oldPayload = -   newPayload = -   error
13.05.2023 08:22:37   [Update]   Key = 8   oldPayload = -   newPayload = -   error
13.05.2023 08:22:38   [Update]   Key = <   oldPayload = -   newPayload = -   error
13.05.2023 08:22:39   [Update]   Key = >   oldPayload = -   newPayload = -   error
13.05.2023 08:22:40   [Update]   Key = 5   oldPayload = -   newPayload = -   error
13.05.2023 08:22:41   [Update]   Key = ]   oldPayload = -   newPayload = -   error
13.05.2023 08:22:42   [Update]   Key = O   oldPayload = -   newPayload = -   error
13.05.2023 08:22:43   [Update]   Key = K   oldPayload = -   newPayload = -   error
13.05.2023 08:22:44   [Update]   Key = ;   oldPayload = -   newPayload = -   error
13.05.2023 08:22:45   [Update]   Key = Y   oldPayload = -   newPayload = -   error
13.05.2023 08:22:46   [Update]   Key = ]   oldPayload = -   newPayload = -   error
13.05.2023 08:22:47   [Update]   Key = Z   oldPayload = -   newPayload = -   error
13.05.2023 08:22:48   [Update]   Key = K   oldPayload = -   newPayload = -   error
13.05.2023 08:22:49   [Update]   Key = T   oldPayload = -   newPayload = -   error
13.05.2023 08:22:50   [Update]   Key = Y   oldPayload = -   newPayload = -   error
13.05.2023 08:22:51   [Update]   Key = 4   oldPayload = -   newPayload = -   error
13.05.2023 08:22:52   [Update]   Key = 2   oldPayload = -   newPayload = -   error
13.05.2023 08:22:53   [Update]   Key = 3   oldPayload = -   newPayload = -   error
13.05.2023 08:22:54   [Update]   Key = Z   oldPayload = -   newPayload = -   error
13.05.2023 08:22:55   [Update]   Key = P   oldPayload = -   newPayload = -   error
13.05.2023 08:22:56   [Update]   Key = E   oldPayload = -   newPayload = -   error
13.05.2023 08:22:57   [Update]   Key = @   oldPayload = -   newPayload = -   error
13.05.2023 08:22:58   [Update]   Key = B   oldPayload = -   newPayload = -   error
13.05.2023 08:22:59   [Update]   Key = ]   oldPayload = -   newPayload = -   error
13.05.2023 08:23:00   [Update]   Key = _   oldPayload = -   newPayload = -   error
13.05.2023 08:23:01   [Update]   Key = J   oldPayload = -   newPayload = -   error
13.05.2023 08:23:02   [Update]   Key = E   oldPayload = -   newPayload = -   error
13.05.2023 08:23:03   [Update]   Key = V   oldPayload = -   newPayload = -   error
13.05.2023 08:23:04   [Update]   Key = C   oldPayload = -   newPayload = -   error
13.05.2023 08:23:05   [Update]   Key = <   oldPayload = -   newPayload = -   error
13.05.2023 08:23:06   [Update]   Key = A   oldPayload = -   newPayload = -   error
13.05.2023 08:23:07   [Update]   Key = a   oldPayload = -   newPayload = -   error
13.05.2023 08:23:08   [Update]   Key = S   oldPayload = -   newPayload = -   error
13.05.2023 08:23:09   [Update]   Key = \   oldPayload = -   newPayload = -   error
13.05.2023 08:23:10   [Update]   Key = 3   oldPayload = -   newPayload = -   error
13.05.2023 08:23:11   [Update]   Key = ;   oldPayload = -   newPayload = -   error
