c:\users\nk\desktop\os14_htcomusergroup\os13_htcom\x64\debug\os14_htcom.pch
c:\users\nk\desktop\os14_htcomusergroup\os13_htcom\x64\debug\vc143.pdb
c:\users\nk\desktop\os14_htcomusergroup\os13_htcom\x64\debug\vc143.idb
c:\users\nk\desktop\os14_htcomusergroup\os13_htcom\x64\debug\pch.obj
c:\users\nk\desktop\os14_htcomusergroup\os13_htcom\x64\debug\registry.obj
c:\users\nk\desktop\os14_htcomusergroup\os13_htcom\x64\debug\hthandle.obj
c:\users\nk\desktop\os14_htcomusergroup\os13_htcom\x64\debug\htfactory.obj
c:\users\nk\desktop\os14_htcomusergroup\os13_htcom\x64\debug\ht.obj
c:\users\nk\desktop\os14_htcomusergroup\os13_htcom\x64\debug\dllmain.obj
c:\users\nk\desktop\os14_htcomusergroup\os13_htcom\x64\debug\os14_htcom.ilk
c:\users\nk\desktop\os14_htcomusergroup\x64\debug\os14_htcom.dll
c:\users\nk\desktop\os14_htcomusergroup\x64\debug\os14_htcom.pdb
c:\users\nk\desktop\os14_htcomusergroup\x64\debug\os14_htcom.lib
c:\users\nk\desktop\os14_htcomusergroup\x64\debug\os14_htcom.exp
c:\users\nk\desktop\os14_htcomusergroup\os13_htcom\x64\debug\os14_htcom.tlog\cl.command.1.tlog
c:\users\nk\desktop\os14_htcomusergroup\os13_htcom\x64\debug\os14_htcom.tlog\cl.read.1.tlog
c:\users\nk\desktop\os14_htcomusergroup\os13_htcom\x64\debug\os14_htcom.tlog\cl.write.1.tlog
c:\users\nk\desktop\os14_htcomusergroup\os13_htcom\x64\debug\os14_htcom.tlog\link.command.1.tlog
c:\users\nk\desktop\os14_htcomusergroup\os13_htcom\x64\debug\os14_htcom.tlog\link.read.1.tlog
c:\users\nk\desktop\os14_htcomusergroup\os13_htcom\x64\debug\os14_htcom.tlog\link.write.1.tlog
c:\users\nk\desktop\os14_htcomusergroup\os13_htcom\x64\debug\os14_htcom.tlog\os14_htcom.write.1u.tlog
